include/bb_buf_data.h
include/bb_chart.h
include/bb_error.h
include/bb_io.h
include/bb_rates.h
include/bb_scan_double.h
include/bb_tree.h
include/bg_cleaning.h
include/bg_cnf.h
include/bg_data.h
include/bg_data_list.h
include/bg_dirent.h
include/bg_gl.h
include/bg_graph.h
include/bg_m_tree.h
include/bg_png.h
include/bg_queue.h
include/bg_svg.h
include/bg_threads.h
include/bg_ts_error.h
include/configini.h
include/libattopng.h
include/queue.h
src/bb_buf_data.c
src/bb_io.c
src/bb_rates.c
src/bb_scan_double.c
src/bb_tree.c
src/bg_chart.c
src/bg_cleaning.c
src/bg_cnf.c
src/bg_data_list.c
src/bg_dirent.c
src/bg_graph.c
src/bg_m_tree.c
src/bg_png.c
src/bg_queue.c
src/bg_svg.c
src/bg_ts_error.c
src/BitGraph.c
src/configini.c
src/libattopng.c
